[05-Oct-2015 18:32:36 UTC] PHP Fatal error:  Class 'backend\assets\AppAsset' not found in /home/ubuntu/workspace/relevando/backend/views/layouts/main.php on line 12
[05-Oct-2015 18:32:36 UTC] PHP Stack trace:
[05-Oct-2015 18:32:36 UTC] PHP   1. {main}() /home/ubuntu/workspace/relevando/backend/views/layouts/main.php:0
[05-Oct-2015 18:32:42 UTC] PHP Fatal error:  Class 'Yii' not found in /home/ubuntu/workspace/relevando/backend/views/client/index.php on line 10
[05-Oct-2015 18:32:42 UTC] PHP Stack trace:
[05-Oct-2015 18:32:42 UTC] PHP   1. {main}() /home/ubuntu/workspace/relevando/backend/views/client/index.php:0
[05-Oct-2015 18:32:47 UTC] PHP Fatal error:  Class 'Yii' not found in /home/ubuntu/workspace/relevando/backend/views/product/index.php on line 12
[05-Oct-2015 18:32:47 UTC] PHP Stack trace:
[05-Oct-2015 18:32:47 UTC] PHP   1. {main}() /home/ubuntu/workspace/relevando/backend/views/product/index.php:0
[05-Oct-2015 18:34:07 UTC] PHP Fatal error:  Class 'Yii' not found in /home/ubuntu/workspace/relevando/backend/views/product/index.php on line 12
[05-Oct-2015 18:34:07 UTC] PHP Stack trace:
[05-Oct-2015 18:34:07 UTC] PHP   1. {main}() /home/ubuntu/workspace/relevando/backend/views/product/index.php:0
[05-Oct-2015 19:16:06 UTC] PHP Fatal error:  Using $this when not in object context in /home/ubuntu/workspace/relevando/backend/views/site/index.php on line 4
[05-Oct-2015 19:16:06 UTC] PHP Stack trace:
[05-Oct-2015 19:16:06 UTC] PHP   1. {main}() /home/ubuntu/workspace/relevando/backend/views/site/index.php:0
[05-Oct-2015 19:16:20 UTC] PHP Fatal error:  Class 'Yii' not found in /home/ubuntu/workspace/relevando/backend/views/product/index.php on line 12
[05-Oct-2015 19:16:20 UTC] PHP Stack trace:
[05-Oct-2015 19:16:20 UTC] PHP   1. {main}() /home/ubuntu/workspace/relevando/backend/views/product/index.php:0
[05-Oct-2015 21:21:13 UTC] PHP Fatal error:  Class 'Yii' not found in /home/ubuntu/workspace/relevando/backend/views/product/index.php on line 12
[05-Oct-2015 21:21:13 UTC] PHP Stack trace:
[05-Oct-2015 21:21:13 UTC] PHP   1. {main}() /home/ubuntu/workspace/relevando/backend/views/product/index.php:0
